c:\users\willy\git\robot\robot\debug\vc120.pdb
c:\users\willy\git\robot\robot\debug\vc120.idb
c:\users\willy\git\robot\robot\debug\assembleandroid.obj
c:\users\willy\git\robot\robot\debug\controls.obj
c:\users\willy\git\robot\robot\debug\main.obj
c:\users\willy\git\robot\robot\debug\materials.obj
c:\users\willy\git\robot\robot\debug\texturing.obj
c:\users\willy\git\robot\robot\debug\android 1.0.ilk
c:\users\willy\git\robot\robot\debug\android 1.0.exe
c:\users\willy\git\robot\robot\debug\android 1.0.pdb
c:\users\willy\git\robot\robot\debug\android 1.0.tlog\cl.command.1.tlog
c:\users\willy\git\robot\robot\debug\android 1.0.tlog\cl.read.1.tlog
c:\users\willy\git\robot\robot\debug\android 1.0.tlog\cl.write.1.tlog
c:\users\willy\git\robot\robot\debug\android 1.0.tlog\link-cvtres.read.1.tlog
c:\users\willy\git\robot\robot\debug\android 1.0.tlog\link-cvtres.write.1.tlog
c:\users\willy\git\robot\robot\debug\android 1.0.tlog\link-rc.read.1.tlog
c:\users\willy\git\robot\robot\debug\android 1.0.tlog\link-rc.write.1.tlog
c:\users\willy\git\robot\robot\debug\android 1.0.tlog\link.11112-cvtres.read.1.tlog
c:\users\willy\git\robot\robot\debug\android 1.0.tlog\link.11112-cvtres.write.1.tlog
c:\users\willy\git\robot\robot\debug\android 1.0.tlog\link.11112-rc.read.1.tlog
c:\users\willy\git\robot\robot\debug\android 1.0.tlog\link.11112-rc.write.1.tlog
c:\users\willy\git\robot\robot\debug\android 1.0.tlog\link.11112.read.1.tlog
c:\users\willy\git\robot\robot\debug\android 1.0.tlog\link.11112.write.1.tlog
c:\users\willy\git\robot\robot\debug\android 1.0.tlog\link.command.1.tlog
c:\users\willy\git\robot\robot\debug\android 1.0.tlog\link.read.1.tlog
c:\users\willy\git\robot\robot\debug\android 1.0.tlog\link.write.1.tlog
